<?xml version="1.0" encoding="UTF-8"?>
<!-- Generated by org.testng.reporters.JUnitReportReporter -->
<testsuite hostname="Nahian-QA" failures="0" tests="1" name="oracleTest" time="4.974" errors="0" timestamp="2019-11-25T10:35:57 EST" skipped="0">
  <testcase classname="oracleTest" name="f" time="4.974"/>
</testsuite> <!-- oracleTest -->
