<?xml version="1.0" encoding="UTF-8"?>
<!-- Generated by org.testng.reporters.JUnitReportReporter -->
<testsuite hostname="Nahian-QA" failures="0" tests="2" name="OraclePageTest" time="11.716" errors="0" timestamp="2019-11-25T19:14:38 EST" skipped="0">
  <testcase classname="OraclePageTest" name="pageValidation" time="5.164"/>
  <testcase classname="OraclePageTest" name="pageSignUp" time="6.552"/>
</testsuite> <!-- OraclePageTest -->
